<?xml version="1.0" encoding="UTF-8"?>
<!-- Generated by org.testng.reporters.JUnitReportReporter -->
<testsuite hostname="ESTL-Sangeetha" name="com.RestAssured.Practice.CheckParametarisation1" tests="5" failures="0" timestamp="7 Sep 2020 06:02:39 GMT" time="18.379" errors="0">
  <testcase name="getDatabyQS3" time="1.164" classname="com.RestAssured.Practice.CheckParametarisation1"/>
  <testcase name="getDatabyQS" time="13.208" classname="com.RestAssured.Practice.CheckParametarisation1"/>
  <testcase name="getDatabyQS4" time="2.967" classname="com.RestAssured.Practice.CheckParametarisation1"/>
  <testcase name="getDatabyQS2" time="0.526" classname="com.RestAssured.Practice.CheckParametarisation1"/>
  <testcase name="getDatabyQS1" time="0.514" classname="com.RestAssured.Practice.CheckParametarisation1"/>
</testsuite> <!-- com.RestAssured.Practice.CheckParametarisation1 -->
