<?xml version="1.0" encoding="UTF-8"?>
<!-- Generated by org.testng.reporters.JUnitReportReporter -->
<testsuite hostname="ESTL-Sangeetha" name="com.RestAssured.Practice.DemoJsonPath3" tests="1" failures="0" timestamp="24 Aug 2020 08:40:25 GMT" time="1.790" errors="0">
  <testcase name="checkJsonPath" time="1.790" classname="com.RestAssured.Practice.DemoJsonPath3"/>
</testsuite> <!-- com.RestAssured.Practice.DemoJsonPath3 -->
