<?xml version="1.0" encoding="UTF-8"?>
<!-- Generated by org.testng.reporters.JUnitReportReporter -->
<testsuite hostname="ESTL-Sangeetha" name="com.RestAssured.Practice.CheckAssertions" tests="2" failures="0" timestamp="7 Sep 2020 06:42:08 GMT" time="14.243" errors="0">
  <testcase name="getAssertionbyRA" time="0.651" classname="com.RestAssured.Practice.CheckAssertions"/>
  <testcase name="getAssertion" time="13.592" classname="com.RestAssured.Practice.CheckAssertions"/>
</testsuite> <!-- com.RestAssured.Practice.CheckAssertions -->
