<?xml version="1.0" encoding="UTF-8"?>
<!-- Generated by org.testng.reporters.JUnitReportReporter -->
<testsuite skipped="0" hostname="ESTL-Sangeetha" name="com.api.testScripts.FetchAllCountriestTest" tests="1" failures="0" timestamp="2020-09-19T09:34:31 IST" time="4.714" errors="0">
  <testcase name="getAllCountry" time="4.714" classname="com.api.testScripts.FetchAllCountriestTest"/>
</testsuite> <!-- com.api.testScripts.FetchAllCountriestTest -->
