<?xml version="1.0" encoding="UTF-8"?>
<!-- Generated by org.testng.reporters.JUnitReportReporter -->
<testsuite hostname="ESTL-Sangeetha" name="com.RestAssured.Practice.CheckParametarisation" tests="3" failures="0" timestamp="7 Sep 2020 05:41:14 GMT" time="3.442" errors="0">
  <testcase name="getDatabyQS2" time="0.588" classname="com.RestAssured.Practice.CheckParametarisation"/>
  <testcase name="getDatabyQS1" time="0.583" classname="com.RestAssured.Practice.CheckParametarisation"/>
  <testcase name="getDatabyQS" time="2.271" classname="com.RestAssured.Practice.CheckParametarisation"/>
</testsuite> <!-- com.RestAssured.Practice.CheckParametarisation -->
