<?xml version="1.0" encoding="UTF-8"?>
<!-- Generated by org.testng.reporters.JUnitReportReporter -->
<testsuite hostname="ESTL-Sangeetha" name="com.RestAssured.Practice.DemoJsonPath" tests="1" failures="0" timestamp="24 Aug 2020 05:45:22 GMT" time="1.780" errors="0">
  <testcase name="checkJsonPath" time="1.780" classname="com.RestAssured.Practice.DemoJsonPath"/>
</testsuite> <!-- com.RestAssured.Practice.DemoJsonPath -->
