<?xml version="1.0" encoding="UTF-8"?>
<!-- Generated by org.testng.reporters.JUnitReportReporter -->
<testsuite hostname="ESTL-Sangeetha" name="com.RestAssured.Practice.UpdateDatausingPatch" tests="1" failures="0" timestamp="16 Aug 2020 02:24:20 GMT" time="1.518" errors="0">
  <testcase name="updateWithPUT" time="1.518" classname="com.RestAssured.Practice.UpdateDatausingPatch"/>
</testsuite> <!-- com.RestAssured.Practice.UpdateDatausingPatch -->
