<?xml version="1.0" encoding="UTF-8"?>
<!-- Generated by org.testng.reporters.JUnitReportReporter -->
<testsuite hostname="ESTL-Sangeetha" name="com.RestAssured.Practice.FetchDatafromPosts" tests="1" failures="0" timestamp="10 Aug 2020 10:09:15 GMT" time="1.372" errors="0">
  <testcase name="getData" time="1.372" classname="com.RestAssured.Practice.FetchDatafromPosts"/>
</testsuite> <!-- com.RestAssured.Practice.FetchDatafromPosts -->
