<?xml version="1.0" encoding="UTF-8"?>
<!-- Generated by org.testng.reporters.JUnitReportReporter -->
<testsuite hostname="ESTL-Sangeetha" name="com.RestAssured.Practice.DeleteDatafromPosts" tests="1" failures="0" timestamp="10 Aug 2020 11:19:36 GMT" time="1.299" errors="0">
  <testcase name="deleteData" time="1.299" classname="com.RestAssured.Practice.DeleteDatafromPosts"/>
</testsuite> <!-- com.RestAssured.Practice.DeleteDatafromPosts -->
