<?xml version="1.0" encoding="UTF-8"?>
<!-- Generated by org.testng.reporters.JUnitReportReporter -->
<testsuite hostname="ESTL-Sangeetha" name="com.RestAssured.Practice.DemoJsonPath2" tests="1" failures="0" timestamp="24 Aug 2020 07:56:56 GMT" time="1.907" errors="0">
  <testcase name="checkJsonPath" time="1.907" classname="com.RestAssured.Practice.DemoJsonPath2"/>
</testsuite> <!-- com.RestAssured.Practice.DemoJsonPath2 -->
