<?xml version="1.0" encoding="UTF-8"?>
<!-- Generated by org.testng.reporters.JUnitReportReporter -->
<testsuite hostname="ESTL-Sangeetha" name="com.RestAssured.Practice.UpdateDataUsingPUT" tests="1" failures="0" timestamp="16 Aug 2020 02:20:40 GMT" time="1.377" errors="0">
  <testcase name="updateWithPUT" time="1.377" classname="com.RestAssured.Practice.UpdateDataUsingPUT"/>
</testsuite> <!-- com.RestAssured.Practice.UpdateDataUsingPUT -->
