<?xml version="1.0" encoding="UTF-8"?>
<!-- Generated by org.testng.reporters.JUnitReportReporter -->
<testsuite hostname="ESTL-Sangeetha" name="com.RestAssured.Practice.AddNewDatausingPost" tests="1" failures="0" timestamp="16 Aug 2020 02:31:37 GMT" time="1.423" errors="0">
  <testcase name="createNewData" time="1.423" classname="com.RestAssured.Practice.AddNewDatausingPost"/>
</testsuite> <!-- com.RestAssured.Practice.AddNewDatausingPost -->
