<?xml version="1.0" encoding="UTF-8"?>
<!-- Generated by org.testng.reporters.JUnitReportReporter -->
<testsuite hostname="ESTL-Sangeetha" name="com.RestAssured.Practice.PostComplexData4" tests="1" failures="0" timestamp="24 Aug 2020 07:59:57 GMT" time="1.463" errors="0">
  <testcase name="addComplexData" time="1.463" classname="com.RestAssured.Practice.PostComplexData4"/>
</testsuite> <!-- com.RestAssured.Practice.PostComplexData4 -->
