<?xml version="1.0" encoding="UTF-8"?>
<!-- Generated by org.testng.reporters.JUnitReportReporter -->
<testsuite hostname="ESTL-Sangeetha" name="com.RestAssured.Practice.FetchTitleandNo" tests="1" failures="0" timestamp="6 Sep 2020 04:47:29 GMT" time="3.271" errors="0">
  <testcase name="fetchTitleandPageCount" time="3.271" classname="com.RestAssured.Practice.FetchTitleandNo"/>
</testsuite> <!-- com.RestAssured.Practice.FetchTitleandNo -->
