<?xml version="1.0" encoding="UTF-8"?>
<!-- Generated by org.testng.reporters.JUnitReportReporter -->
<testsuite hostname="ESTL-Sangeetha" name="com.RestAssured.Practice.FetchCallingcodeandPopulation" tests="1" failures="0" timestamp="6 Sep 2020 04:47:01 GMT" time="22.837" errors="0">
  <testcase name="fetchCallingcodeandPopulation" time="22.837" classname="com.RestAssured.Practice.FetchCallingcodeandPopulation"/>
</testsuite> <!-- com.RestAssured.Practice.FetchCallingcodeandPopulation -->
