<?xml version="1.0" encoding="UTF-8"?>
<!-- Generated by org.testng.reporters.JUnitReportReporter -->
<testsuite hostname="ESTL-Sangeetha" name="com.RestAssured.Practice.PostComplexData" tests="1" failures="0" timestamp="24 Aug 2020 04:52:52 GMT" time="1.458" errors="0">
  <testcase name="addComplexData" time="1.458" classname="com.RestAssured.Practice.PostComplexData"/>
</testsuite> <!-- com.RestAssured.Practice.PostComplexData -->
