<?xml version="1.0" encoding="UTF-8"?>
<!-- Generated by org.testng.reporters.JUnitReportReporter -->
<testsuite hostname="ESTL-Sangeetha" name="com.RestAssured.Practice.PostBulkData" tests="1" failures="0" timestamp="2 Sep 2020 05:28:54 GMT" time="1.557" errors="0">
  <testcase name="addBulkData" time="1.557" classname="com.RestAssured.Practice.PostBulkData"/>
</testsuite> <!-- com.RestAssured.Practice.PostBulkData -->
