<?xml version="1.0" encoding="UTF-8"?>
<!-- Generated by org.testng.reporters.JUnitReportReporter -->
<testsuite hostname="ESTL-Sangeetha" name="com.RestAssured.Practice.AddnewDatainPosts" tests="1" failures="0" timestamp="15 Aug 2020 08:39:22 GMT" time="1.320" errors="0">
  <testcase name="createNewData" time="1.320" classname="com.RestAssured.Practice.AddnewDatainPosts"/>
</testsuite> <!-- com.RestAssured.Practice.AddnewDatainPosts -->
